[Licensing::Module] Trying to connect to existing licensing client channel...
Built from '6000.3/staging' branch; Version is '6000.3.10f1 (e35f0c77bd8e) revision 14901004'; Using compiler version '194234433'; Build Type 'Release'
OS: 'Windows 11  (10.0.22621) CoreCountrySpecific' Language: 'zh' Physical Memory: 16048 MB
BatchMode: 1, IsHumanControllingUs: 0, StartBugReporterOnCrash: 0, Is64bit: 1
System  architecture: x64
Process architecture: x64
Date: 2026-04-07T22:20:20Z
[Licensing::IpcConnector] Successfully connected to: "LicenseClient-26821" at "2026-04-07T22:20:20.0365498Z"

COMMAND LINE ARGUMENTS:
C:\Program Files\Unity\Hub\Editor\6000.3.10f1\Editor\Unity.exe
-batchmode
-nographics
-quit
-projectPath
E:\学习\Game develop\TowerOfShadows\BatchProject
-logFile
E:\学习\Game develop\TowerOfShadows\BatchProject\prototype-generate.log
-executeMethod
PrototypeBuilder.GenerateContent
Successfully changed project path to: E:\学习\Game develop\TowerOfShadows\BatchProject
E:/学习/Game develop/TowerOfShadows/BatchProject
[UnityMemory] Configuration Parameters - Can be set up in boot.config
    "memorysetup-temp-allocator-size-nav-mesh-worker=65536"
    "memorysetup-temp-allocator-size-audio-worker=65536"
    "memorysetup-temp-allocator-size-gfx=262144"
    "memorysetup-allocator-temp-initial-block-size-main=262144"
    "memorysetup-allocator-temp-initial-block-size-worker=262144"
    "memorysetup-temp-allocator-size-background-worker=32768"
    "memorysetup-temp-allocator-size-job-worker=262144"
    "memorysetup-temp-allocator-size-preload-manager=33554432"
    "memorysetup-temp-allocator-size-gi-baking-worker=262144"
    "memorysetup-temp-allocator-size-gi-baking-worker=262144"
    "memorysetup-temp-allocator-size-gi-baking-worker=262144"
    "memorysetup-temp-allocator-size-gi-baking-worker=262144"
    "memorysetup-temp-allocator-size-gi-baking-worker=262144"
    "memorysetup-bucket-allocator-granularity=16"
    "memorysetup-bucket-allocator-bucket-count=8"
    "memorysetup-bucket-allocator-block-size=33554432"
    "memorysetup-bucket-allocator-block-count=8"
    "memorysetup-main-allocator-block-size=16777216"
    "memorysetup-thread-allocator-block-size=16777216"
    "memorysetup-gfx-main-allocator-block-size=16777216"
    "memorysetup-gfx-thread-allocator-block-size=16777216"
    "memorysetup-cache-allocator-block-size=4194304"
    "memorysetup-typetree-allocator-block-size=2097152"
    "memorysetup-profiler-bucket-allocator-granularity=16"
    "memorysetup-profiler-bucket-allocator-bucket-count=8"
    "memorysetup-profiler-bucket-allocator-block-size=33554432"
    "memorysetup-profiler-bucket-allocator-block-count=8"
    "memorysetup-profiler-allocator-block-size=16777216"
    "memorysetup-profiler-editor-allocator-block-size=1048576"
    "memorysetup-temp-allocator-size-main=16777216"
    "memorysetup-job-temp-allocator-block-size=2097152"
    "memorysetup-job-temp-allocator-block-size-background=1048576"
    "memorysetup-job-temp-allocator-reduction-small-platforms=262144"
    "memorysetup-temp-allocator-size-cloud-worker=32768"
Player connection [42476]  Target information:

Player connection [42476]  * "[IP] 192.168.137.1 [Port] 55505 [Flags] 2 [Guid] 1182957859 [EditorId] 1182957859 [Version] 1048832 [Id] WindowsEditor(7,Y-PC) [Debug] 1 [PackageName] WindowsEditor [ProjectName] Editor" 

Player connection [42476]  * "[IP] 192.168.254.1 [Port] 55505 [Flags] 2 [Guid] 1182957859 [EditorId] 1182957859 [Version] 1048832 [Id] WindowsEditor(7,Y-PC) [Debug] 1 [PackageName] WindowsEditor [ProjectName] Editor" 

Player connection [42476]  * "[IP] 172.17.20.204 [Port] 55505 [Flags] 2 [Guid] 1182957859 [EditorId] 1182957859 [Version] 1048832 [Id] WindowsEditor(7,Y-PC) [Debug] 1 [PackageName] WindowsEditor [ProjectName] Editor" 

Player connection [42476] Host joined multi-casting on [225.0.0.222:54997]...
Player connection [42476] Host joined alternative multi-casting on [225.0.0.222:34997]...
Input System module state changed to: Initialized.
[Physics::Module] Initialized fallback backend.
[Physics::Module] Id: 0xdecafbad
[Package Manager] Connected to IPC stream "Upm-40116" after 0.3 seconds.
[Licensing::Module] Licensing is not yet initialized.
[Licensing::Client] Handshaking with LicensingClient:
  Version:                 1.17.4+4293ba1
  Session Id:              71e5b7bf7acf4d20b2bed1ede156750f
  Correlation Id:          47d72ee0599fad5478b12a959b2b9e6f
  External correlation Id: 8870975695825921452
  Machine Id:              RzF2F7HvyxQ395eKHcExK4h1EaE=
[Licensing::Module] Successfully connected to LicensingClient on channel: "LicenseClient-26821" (connect: 0.00s, validation: 0.00s, handshake: 0.63s)
[Licensing::IpcConnector] Successfully connected to: "LicenseClient-26821-notifications" at "2026-04-07T22:20:20.6722358Z"
[Licensing::Module] Error: Access token is unavailable; failed to update
[Licensing::Client] Successfully resolved entitlement details
[Licensing::Module] License group:
  Id: 5773997698956-UnityPersXXXX
  Product: Unity Personal
  Type: Assigned
  Expiration: Unlimited
[Licensing::Client] Successfully updated license, isAsync: True, time: 0.00
[Licensing::Client] Successfully resolved entitlement details
[Licensing::Module] Licensing Background thread has ended after 0.64s
[Licensing::Module] Licensing is initialized (took 0.22s).
[Licensing::Client] Successfully resolved entitlement details
Library Redirect Path: Library/
Default GameObject Tag: Player already registered
[Physics::Module] Selected backend.
[Physics::Module] Name: PhysX
[Physics::Module] Id: 0xf2b8ea05
[Physics::Module] SDK Version: 4.1.2
[Physics::Module] Integration Version: 1.0.0
[Physics::Module] Threading Mode: Multi-Threaded
Refreshing native plugins compatible for Editor in 0.00 ms, found 0 plugins.
Preloading 0 native plugins for Editor in 0.00 ms.
Initialize engine version: 6000.3.10f1 (e35f0c77bd8e)
[Subsystems] Discovering subsystems at path C:/Program Files/Unity/Hub/Editor/6000.3.10f1/Editor/Data/Resources/UnitySubsystems
[Subsystems] Discovering subsystems at path E:/学习/Game develop/TowerOfShadows/BatchProject/Assets
Forcing GfxDevice: Null
GfxDevice: creating device client; kGfxThreadingModeNonThreaded
NullGfxDevice:
    Version:  NULL 1.0 [1.0]
    Renderer: Null Device
    Vendor:   Unity Technologies
Initialize mono
Mono path[0] = 'C:/Program Files/Unity/Hub/Editor/6000.3.10f1/Editor/Data/Managed'
Mono path[1] = 'C:/Program Files/Unity/Hub/Editor/6000.3.10f1/Editor/Data/MonoBleedingEdge/lib/mono/unityjit-win32'
Mono config path = 'C:/Program Files/Unity/Hub/Editor/6000.3.10f1/Editor/Data/MonoBleedingEdge/etc'
Using monoOptions --debugger-agent=transport=dt_socket,embedding=1,server=y,suspend=n,address=127.0.0.1:56116
Using cacheserver namespaces - metadata:defaultmetadata, artifacts:defaultartifacts
Using cacheserver namespaces - metadata:defaultmetadata, artifacts:defaultartifacts
ImportWorker Server TCP listen port: 0
AcceleratorClientConnectionCallback - disconnected - :0
Begin MonoManager ReloadAssembly
Registering precompiled unity dll's ...
Register platform support module: C:/Program Files/Unity/Hub/Editor/6000.3.10f1/Editor/Data/PlaybackEngines/WindowsStandaloneSupport/UnityEditor.WindowsStandalone.Extensions.dll
Registered in 0.001668 seconds.
- Loaded All Assemblies, in  0.384 seconds
Native extension for WindowsStandalone target not found
ScheduleIndexationOnStartup MainProcess:False IndexOnStartup:False
Mono: successfully reloaded assembly
- Finished resetting the current domain, in  0.357 seconds
Domain Reload Profiling: 738ms
	BeginReloadAssembly (113ms)
		ExecutionOrderSort (0ms)
		DisableScriptedObjects (0ms)
		BackupInstance (0ms)
		ReleaseScriptingObjects (0ms)
		CreateAndSetChildDomain (9ms)
	RebuildCommonClasses (31ms)
	RebuildNativeTypeToScriptingClass (10ms)
	initialDomainReloadingComplete (41ms)
	LoadAllAssembliesAndSetupDomain (185ms)
		LoadAssemblies (103ms)
		RebuildTransferFunctionScriptingTraits (0ms)
		AnalyzeDomain (182ms)
			TypeCache.Refresh (181ms)
				TypeCache.ScanAssembly (167ms)
			BuildScriptInfoCaches (0ms)
			ResolveRequiredComponents (0ms)
	FinalizeReload (357ms)
		ReleaseScriptCaches (0ms)
		RebuildScriptCaches (0ms)
		SetupLoadedEditorAssemblies (321ms)
			LogAssemblyErrors (0ms)
			InitializePlatformSupportModulesInManaged (52ms)
			SetLoadedEditorAssemblies (4ms)
			BeforeProcessingInitializeOnLoad (72ms)
			ProcessInitializeOnLoadAttributes (132ms)
			ProcessInitializeOnLoadMethodAttributes (61ms)
			AfterProcessingInitializeOnLoad (0ms)
			EditorAssembliesLoaded (0ms)
		ExecutionOrderSort2 (0ms)
		AwakeInstancesAfterBackupRestoration (0ms)
[Licensing::Client] Successfully resolved entitlement details
Application.AssetDatabase Initial Refresh Start
Package Manager log level set to [2]
[Package Manager] Restoring resolved packages state from cache
[Licensing::Client] Successfully resolved entitlement details
[Package Manager] Registered 39 packages:
  Built-in packages:
    com.unity.multiplayer.center@1.0.1 (location: E:\学习\Game develop\TowerOfShadows\BatchProject\Library\PackageCache\com.unity.multiplayer.center@f01f4ba8d00a)
    com.unity.modules.accessibility@1.0.0 (location: E:\学习\Game develop\TowerOfShadows\BatchProject\Library\PackageCache\com.unity.modules.accessibility)
    com.unity.modules.adaptiveperformance@1.0.0 (location: E:\学习\Game develop\TowerOfShadows\BatchProject\Library\PackageCache\com.unity.modules.adaptiveperformance)
    com.unity.modules.ai@1.0.0 (location: E:\学习\Game develop\TowerOfShadows\BatchProject\Library\PackageCache\com.unity.modules.ai)
    com.unity.modules.androidjni@1.0.0 (location: E:\学习\Game develop\TowerOfShadows\BatchProject\Library\PackageCache\com.unity.modules.androidjni)
    com.unity.modules.animation@1.0.0 (location: E:\学习\Game develop\TowerOfShadows\BatchProject\Library\PackageCache\com.unity.modules.animation)
    com.unity.modules.assetbundle@1.0.0 (location: E:\学习\Game develop\TowerOfShadows\BatchProject\Library\PackageCache\com.unity.modules.assetbundle)
    com.unity.modules.audio@1.0.0 (location: E:\学习\Game develop\TowerOfShadows\BatchProject\Library\PackageCache\com.unity.modules.audio)
    com.unity.modules.cloth@1.0.0 (location: E:\学习\Game develop\TowerOfShadows\BatchProject\Library\PackageCache\com.unity.modules.cloth)
    com.unity.modules.director@1.0.0 (location: E:\学习\Game develop\TowerOfShadows\BatchProject\Library\PackageCache\com.unity.modules.director)
    com.unity.modules.imageconversion@1.0.0 (location: E:\学习\Game develop\TowerOfShadows\BatchProject\Library\PackageCache\com.unity.modules.imageconversion)
    com.unity.modules.imgui@1.0.0 (location: E:\学习\Game develop\TowerOfShadows\BatchProject\Library\PackageCache\com.unity.modules.imgui)
    com.unity.modules.jsonserialize@1.0.0 (location: E:\学习\Game develop\TowerOfShadows\BatchProject\Library\PackageCache\com.unity.modules.jsonserialize)
    com.unity.modules.particlesystem@1.0.0 (location: E:\学习\Game develop\TowerOfShadows\BatchProject\Library\PackageCache\com.unity.modules.particlesystem)
    com.unity.modules.physics@1.0.0 (location: E:\学习\Game develop\TowerOfShadows\BatchProject\Library\PackageCache\com.unity.modules.physics)
    com.unity.modules.physics2d@1.0.0 (location: E:\学习\Game develop\TowerOfShadows\BatchProject\Library\PackageCache\com.unity.modules.physics2d)
    com.unity.modules.screencapture@1.0.0 (location: E:\学习\Game develop\TowerOfShadows\BatchProject\Library\PackageCache\com.unity.modules.screencapture)
    com.unity.modules.terrain@1.0.0 (location: E:\学习\Game develop\TowerOfShadows\BatchProject\Library\PackageCache\com.unity.modules.terrain)
    com.unity.modules.terrainphysics@1.0.0 (location: E:\学习\Game develop\TowerOfShadows\BatchProject\Library\PackageCache\com.unity.modules.terrainphysics)
    com.unity.modules.tilemap@1.0.0 (location: E:\学习\Game develop\TowerOfShadows\BatchProject\Library\PackageCache\com.unity.modules.tilemap)
    com.unity.modules.ui@1.0.0 (location: E:\学习\Game develop\TowerOfShadows\BatchProject\Library\PackageCache\com.unity.modules.ui)
    com.unity.modules.uielements@1.0.0 (location: E:\学习\Game develop\TowerOfShadows\BatchProject\Library\PackageCache\com.unity.modules.uielements)
    com.unity.modules.umbra@1.0.0 (location: E:\学习\Game develop\TowerOfShadows\BatchProject\Library\PackageCache\com.unity.modules.umbra)
    com.unity.modules.unityanalytics@1.0.0 (location: E:\学习\Game develop\TowerOfShadows\BatchProject\Library\PackageCache\com.unity.modules.unityanalytics)
    com.unity.modules.unitywebrequest@1.0.0 (location: E:\学习\Game develop\TowerOfShadows\BatchProject\Library\PackageCache\com.unity.modules.unitywebrequest)
    com.unity.modules.unitywebrequestassetbundle@1.0.0 (location: E:\学习\Game develop\TowerOfShadows\BatchProject\Library\PackageCache\com.unity.modules.unitywebrequestassetbundle)
    com.unity.modules.unitywebrequestaudio@1.0.0 (location: E:\学习\Game develop\TowerOfShadows\BatchProject\Library\PackageCache\com.unity.modules.unitywebrequestaudio)
    com.unity.modules.unitywebrequesttexture@1.0.0 (location: E:\学习\Game develop\TowerOfShadows\BatchProject\Library\PackageCache\com.unity.modules.unitywebrequesttexture)
    com.unity.modules.unitywebrequestwww@1.0.0 (location: E:\学习\Game develop\TowerOfShadows\BatchProject\Library\PackageCache\com.unity.modules.unitywebrequestwww)
    com.unity.textmeshpro@5.0.0 (location: E:\学习\Game develop\TowerOfShadows\BatchProject\Library\PackageCache\com.unity.textmeshpro@53f43edfd2e0)
    com.unity.ugui@2.0.0 (location: E:\学习\Game develop\TowerOfShadows\BatchProject\Library\PackageCache\com.unity.ugui@bb329a87fcdc)
    com.unity.modules.vectorgraphics@1.0.0 (location: E:\学习\Game develop\TowerOfShadows\BatchProject\Library\PackageCache\com.unity.modules.vectorgraphics)
    com.unity.modules.vehicles@1.0.0 (location: E:\学习\Game develop\TowerOfShadows\BatchProject\Library\PackageCache\com.unity.modules.vehicles)
    com.unity.modules.video@1.0.0 (location: E:\学习\Game develop\TowerOfShadows\BatchProject\Library\PackageCache\com.unity.modules.video)
    com.unity.modules.vr@1.0.0 (location: E:\学习\Game develop\TowerOfShadows\BatchProject\Library\PackageCache\com.unity.modules.vr)
    com.unity.modules.wind@1.0.0 (location: E:\学习\Game develop\TowerOfShadows\BatchProject\Library\PackageCache\com.unity.modules.wind)
    com.unity.modules.xr@1.0.0 (location: E:\学习\Game develop\TowerOfShadows\BatchProject\Library\PackageCache\com.unity.modules.xr)
    com.unity.modules.subsystems@1.0.0 (location: E:\学习\Game develop\TowerOfShadows\BatchProject\Library\PackageCache\com.unity.modules.subsystems)
    com.unity.modules.hierarchycore@1.0.0 (location: E:\学习\Game develop\TowerOfShadows\BatchProject\Library\PackageCache\com.unity.modules.hierarchycore)
[Package Manager] com.unity.textmeshpro is deprecated: This package is no longer supported. TextMeshPro functionalities are now included in the com.unity.ugui package. To continue using them, consider adding it to your project dependencies.
[Subsystems] No new subsystems found in resolved package list.
[Package Manager] Done registering packages in 0.01 seconds
[ScriptCompilation] Requested script compilation because: Assetdatabase observed changes in script compilation related files
Starting: C:\Program Files\Unity\Hub\Editor\6000.3.10f1\Editor\Data\Tools\BuildPipeline\bee_backend.exe --ipc --defer-dag-verification --dagfile="Library/Bee/1900b0aE.dag" --continue-on-failure --profile="Library/Bee/backend1.traceevents" ScriptAssemblies
WorkingDir: E:/学习/Game develop/TowerOfShadows/BatchProject
DisplayProgressbar: Compiling Scripts
ExitCode: 4 Duration: 0s268ms
Rebuilding DAG because FileSignature timestamp changed: Library/Bee/1900b0aE-inputdata.json
*** Tundra requires additional run (0.24 seconds), 1 items updated, 224 evaluated
Starting: C:\Program Files\Unity\Hub\Editor\6000.3.10f1\Editor\Data\netcorerun\netcorerun.exe "C:\Program Files\Unity\Hub\Editor\6000.3.10f1\Editor\Data\Tools\BuildPipeline\ScriptCompilationBuildProgram.exe" "Library/Bee/1900b0aE.dag.json" "Library/Bee/1900b0aE-inputdata.json" "Library\Bee\buildprogram0.traceevents"
WorkingDir: E:/学习/Game develop/TowerOfShadows/BatchProject
ExitCode: 0 Duration: 0s225ms
Starting: C:\Program Files\Unity\Hub\Editor\6000.3.10f1\Editor\Data\Tools\BuildPipeline\bee_backend.exe --ipc --defer-dag-verification --dagfile="Library/Bee/1900b0aE.dag" --continue-on-failure --dagfilejson="Library\Bee\1900b0aE.dag.json" --profile="Library/Bee/backend2.traceevents" ScriptAssemblies
WorkingDir: E:/学习/Game develop/TowerOfShadows/BatchProject
ExitCode: 0 Duration: 0s481ms
Finished compiling graph: 231 nodes, 2046 flattened edges (1922 ToBuild, 20 ToUse), maximum node priority 118
[180/228    0s] WriteText Library/Bee/artifacts/1900b0aE.dag/Assembly-CSharp.rsp
[222/228    0s] Csc Library/Bee/artifacts/1900b0aE.dag/Assembly-CSharp.dll (+2 others)
Assets\Scripts\Environment\RuntimeLevelGeometry.cs(63,9): warning CS0618: 'Collider2D.usedByComposite' is obsolete: 'usedByComposite has been deprecated. Please use compositeOperation.'

Assets\Scripts\Enemies\ShadowWalker.cs(11,18): warning CS0414: The field 'ShadowWalker.isFollowing' is assigned but its value is never used
[223/228    0s] CopyFiles Library/ScriptAssemblies/Assembly-CSharp.pdb
[224/228    0s] CopyFiles Library/ScriptAssemblies/Assembly-CSharp.dll
[225/228    0s] Csc Library/Bee/artifacts/1900b0aE.dag/Assembly-CSharp-Editor.dll (+2 others)
Assets\Scripts\Editor\PrototypeBuilder.cs(447,13): warning CS0618: 'Object.FindObjectOfType<T>()' is obsolete: 'Object.FindObjectOfType has been deprecated. Use Object.FindFirstObjectByType instead or if finding any instance is acceptable the faster Object.FindAnyObjectByType'
[226/228    0s] CopyFiles Library/ScriptAssemblies/Assembly-CSharp-Editor.pdb
[227/228    0s] CopyFiles Library/ScriptAssemblies/Assembly-CSharp-Editor.dll
*** Tundra build success (0.46 seconds), 7 items updated, 228 evaluated
Assets\Scripts\Environment\RuntimeLevelGeometry.cs(63,9): warning CS0618: 'Collider2D.usedByComposite' is obsolete: 'usedByComposite has been deprecated. Please use compositeOperation.'
Assets\Scripts\Enemies\ShadowWalker.cs(11,18): warning CS0414: The field 'ShadowWalker.isFollowing' is assigned but its value is never used
Assets\Scripts\Editor\PrototypeBuilder.cs(447,13): warning CS0618: 'Object.FindObjectOfType<T>()' is obsolete: 'Object.FindObjectOfType has been deprecated. Use Object.FindFirstObjectByType instead or if finding any instance is acceptable the faster Object.FindAnyObjectByType'
AssetDatabase: script compilation time: 1.396801s
Begin MonoManager ReloadAssembly
Total cache size 107021624
Total cache size after purge 107021624, took 00:00:00.0706732
- Loaded All Assemblies, in  0.435 seconds
Refreshing native plugins compatible for Editor in 0.00 ms, found 0 plugins.
Native extension for WindowsStandalone target not found
ScheduleIndexationOnStartup MainProcess:True IndexOnStartup:True
Mono: successfully reloaded assembly
- Finished resetting the current domain, in  0.411 seconds
Domain Reload Profiling: 843ms
	BeginReloadAssembly (196ms)
		ExecutionOrderSort (0ms)
		DisableScriptedObjects (37ms)
		BackupInstance (0ms)
		ReleaseScriptingObjects (0ms)
		CreateAndSetChildDomain (38ms)
	RebuildCommonClasses (28ms)
	RebuildNativeTypeToScriptingClass (11ms)
	initialDomainReloadingComplete (17ms)
	LoadAllAssembliesAndSetupDomain (180ms)
		LoadAssemblies (250ms)
		RebuildTransferFunctionScriptingTraits (0ms)
		AnalyzeDomain (17ms)
			TypeCache.Refresh (11ms)
				TypeCache.ScanAssembly (6ms)
			BuildScriptInfoCaches (4ms)
			ResolveRequiredComponents (2ms)
	FinalizeReload (411ms)
		ReleaseScriptCaches (0ms)
		RebuildScriptCaches (0ms)
		SetupLoadedEditorAssemblies (299ms)
			LogAssemblyErrors (0ms)
			InitializePlatformSupportModulesInManaged (23ms)
			SetLoadedEditorAssemblies (4ms)
			BeforeProcessingInitializeOnLoad (107ms)
			ProcessInitializeOnLoadAttributes (104ms)
			ProcessInitializeOnLoadMethodAttributes (56ms)
			AfterProcessingInitializeOnLoad (4ms)
			EditorAssembliesLoaded (0ms)
		ExecutionOrderSort2 (0ms)
		AwakeInstancesAfterBackupRestoration (7ms)
Refreshing native plugins compatible for Editor in 0.00 ms, found 0 plugins.
Preloading 0 native plugins for Editor in 0.00 ms.
Asset Pipeline Refresh (id=5fb0090952d595b4a92394a759b2483c): Total: 2.464 seconds - Initiated by InitialRefreshV2(ForceSynchronousImport)
	Summary:
		Imports: total=0 (actual=0, local cache=0, cache server=0)
		Asset DB Process Time: managed=0 ms, native=544 ms
		Asset DB Callback time: managed=64 ms, native=13 ms
		Scripting: domain reloads=1, domain reload time=434 ms, compile time=1398 ms, other=8 ms
		Project Asset Count: scripts=212, non-scripts=161
		Asset File Changes: new=1, changed=2, moved=0, deleted=0
		Scan Filter Count: 0
	InvokeCustomDependenciesCallbacks: 0.001ms
	InvokePackagesCallback: 13.405ms
	ApplyChangesToAssetFolders: 0.582ms
	Scan: 68.049ms
	OnSourceAssetsModified: 0.648ms
	CategorizeAssetsWithTransientArtifact: 1.229ms
	ProcessAssetsWithTransientArtifactChanges: 5.329ms
	CategorizeAssets: 1.938ms
	ImportOutOfDateAssets: 412.225ms (-986.695ms without children)
		CompileScripts: 1398.495ms
		ReloadNativeAssets: 0.000ms
		UnloadImportedAssets: 0.088ms
		EnsureUptoDateAssetsAreRegisteredWithGuidPM: 0.055ms
		InitializingProgressBar: 0.000ms
		PostProcessAllAssetNotificationsAddChangedAssets: 0.001ms
		OnDemandSchedulerStart: 0.281ms
	PostProcessAllAssets: 64.736ms
	Hotreload: 0.853ms
	GatherAllCurrentPrimaryArtifactRevisions: 0.002ms
	UnloadStreamsBegin: 1.157ms
	PersistCurrentRevisions: 0.012ms
	UnloadStreamsEnd: 0.002ms
	GenerateScriptTypeHashes: 0.206ms
	Untracked: 1893.760ms

Application.AssetDatabase Initial Refresh End
Scanning for USB devices : 1.432ms
Initializing Unity extensions:
[MODES] ModeService[none].Initialize
[MODES] ModeService[none].LoadModes
[MODES] Loading mode Default (0) for mode-current-id-TowerOfShadows
Unloading 4 Unused Serialized files (Serialized files now loaded: 0)
Unloading 453 unused Assets / (1.3 MB). Loaded Objects now: 1044.
Memory consumption went from 93.6 MB to 92.3 MB.
Total: 6.390000 ms (FindLiveObjects: 0.061600 ms CreateObjectMapping: 0.021800 ms MarkObjects: 5.691600 ms  DeleteObjects: 0.613900 ms)

Start importing Assets/Generated/Sprites/background_grid.png using Guid(f1c0fc86513d8eb489e0c89688ec6f44) (TextureImporter) -> (artifact id: 'fa52936738f5c842f217f4ad494962d5') in 0.0081708 seconds
Refreshing native plugins compatible for Editor in 0.00 ms, found 0 plugins.
Preloading 0 native plugins for Editor in 0.00 ms.
Asset Pipeline Refresh (id=33a696e96e1ae3544a6ccb346bfa1182): Total: 0.040 seconds - Initiated by StopAssetImportingV2(NoUpdateAssetOptions)
Start importing Assets/Generated/Sprites/background_grid.png using Guid(f1c0fc86513d8eb489e0c89688ec6f44) (TextureImporter) -> (artifact id: 'fa52936738f5c842f217f4ad494962d5') in 0.0016897 seconds
Refreshing native plugins compatible for Editor in 0.00 ms, found 0 plugins.
Preloading 0 native plugins for Editor in 0.00 ms.
Asset Pipeline Refresh (id=9ecdec2f77f38f7418a82f2deecb477e): Total: 0.008 seconds - Initiated by StopAssetImportingV2(NoUpdateAssetOptions)
Start importing Assets/Generated/Sprites/floor_tile.png using Guid(400edd2585f39484aade5af465016650) (TextureImporter) -> (artifact id: '02b1da347f6771c279b08a990000ec91') in 0.0025385 seconds
Refreshing native plugins compatible for Editor in 0.00 ms, found 0 plugins.
Preloading 0 native plugins for Editor in 0.00 ms.
Asset Pipeline Refresh (id=26a02824d91049c4da110cf4679d8f11): Total: 0.008 seconds - Initiated by StopAssetImportingV2(NoUpdateAssetOptions)
Start importing Assets/Generated/Sprites/floor_tile.png using Guid(400edd2585f39484aade5af465016650) (TextureImporter) -> (artifact id: '02b1da347f6771c279b08a990000ec91') in 0.0016221 seconds
Refreshing native plugins compatible for Editor in 0.00 ms, found 0 plugins.
Preloading 0 native plugins for Editor in 0.00 ms.
Asset Pipeline Refresh (id=6bb73bb83e647484a86c493ed77f59c3): Total: 0.007 seconds - Initiated by StopAssetImportingV2(NoUpdateAssetOptions)
Start importing Assets/Generated/Sprites/wall_top.png using Guid(2171a5d3b4d97184dbc14bb5b2922e7b) (TextureImporter) -> (artifact id: 'c5513b0322c6ce7e692147f2a812430f') in 0.0019727 seconds
Refreshing native plugins compatible for Editor in 0.00 ms, found 0 plugins.
Preloading 0 native plugins for Editor in 0.00 ms.
Asset Pipeline Refresh (id=0f161ad92d78b974790ef918b7becbfe): Total: 0.008 seconds - Initiated by StopAssetImportingV2(NoUpdateAssetOptions)
Start importing Assets/Generated/Sprites/wall_top.png using Guid(2171a5d3b4d97184dbc14bb5b2922e7b) (TextureImporter) -> (artifact id: 'c5513b0322c6ce7e692147f2a812430f') in 0.0016387 seconds
Refreshing native plugins compatible for Editor in 0.00 ms, found 0 plugins.
Preloading 0 native plugins for Editor in 0.00 ms.
Asset Pipeline Refresh (id=ce6d668a6a12fc5438a4b2151a74f6d4): Total: 0.007 seconds - Initiated by StopAssetImportingV2(NoUpdateAssetOptions)
Start importing Assets/Generated/Sprites/wall_front.png using Guid(8c0f0dd8396b0174b9bcd17f131d72f8) (TextureImporter) -> (artifact id: '204f525239ca6315d3dcaf56f18cbf47') in 0.0022041 seconds
Refreshing native plugins compatible for Editor in 0.00 ms, found 0 plugins.
Preloading 0 native plugins for Editor in 0.00 ms.
Asset Pipeline Refresh (id=12e1ec3ae031d5441a92c0c38b02281d): Total: 0.008 seconds - Initiated by StopAssetImportingV2(NoUpdateAssetOptions)
Start importing Assets/Generated/Sprites/wall_front.png using Guid(8c0f0dd8396b0174b9bcd17f131d72f8) (TextureImporter) -> (artifact id: '204f525239ca6315d3dcaf56f18cbf47') in 0.0017794 seconds
Refreshing native plugins compatible for Editor in 0.00 ms, found 0 plugins.
Preloading 0 native plugins for Editor in 0.00 ms.
Asset Pipeline Refresh (id=904c2edb0708d7145a22b45dcb9e2c15): Total: 0.008 seconds - Initiated by StopAssetImportingV2(NoUpdateAssetOptions)
Start importing Assets/Generated/Sprites/wall_shadow.png using Guid(ab14381d4743b8448808dbd3c2470385) (TextureImporter) -> (artifact id: '6265e57c93a678a20c1b187572e31ed1') in 0.0021801 seconds
Refreshing native plugins compatible for Editor in 0.00 ms, found 0 plugins.
Preloading 0 native plugins for Editor in 0.00 ms.
Asset Pipeline Refresh (id=4853a1d24161dc74dad0cc5eca69dac1): Total: 0.008 seconds - Initiated by StopAssetImportingV2(NoUpdateAssetOptions)
Start importing Assets/Generated/Sprites/wall_shadow.png using Guid(ab14381d4743b8448808dbd3c2470385) (TextureImporter) -> (artifact id: '6265e57c93a678a20c1b187572e31ed1') in 0.0016743 seconds
Refreshing native plugins compatible for Editor in 0.00 ms, found 0 plugins.
Preloading 0 native plugins for Editor in 0.00 ms.
Asset Pipeline Refresh (id=2d23e8ad91febbc459b4c5a2a2c4bc2b): Total: 0.007 seconds - Initiated by StopAssetImportingV2(NoUpdateAssetOptions)
Start importing Assets/Generated/Sprites/player.png using Guid(2d00d3d9a77c9c64eaaab70e405fc0ee) (TextureImporter) -> (artifact id: '2749b6cee58905e061e8afe5fb1c5bff') in 0.0018398 seconds
Refreshing native plugins compatible for Editor in 0.00 ms, found 0 plugins.
Preloading 0 native plugins for Editor in 0.00 ms.
Asset Pipeline Refresh (id=5787ae2861aa549429698afa85fa2926): Total: 0.007 seconds - Initiated by StopAssetImportingV2(NoUpdateAssetOptions)
Start importing Assets/Generated/Sprites/player.png using Guid(2d00d3d9a77c9c64eaaab70e405fc0ee) (TextureImporter) -> (artifact id: '2749b6cee58905e061e8afe5fb1c5bff') in 0.0017328 seconds
Refreshing native plugins compatible for Editor in 0.00 ms, found 0 plugins.
Preloading 0 native plugins for Editor in 0.00 ms.
Asset Pipeline Refresh (id=0789a62be7c32b74da2f528fad90bfd1): Total: 0.007 seconds - Initiated by StopAssetImportingV2(NoUpdateAssetOptions)
Start importing Assets/Generated/Sprites/walker.png using Guid(da1266113dd652849aaddd67162a7e5f) (TextureImporter) -> (artifact id: 'ee5a57d97b453838ada0fa93864078fd') in 0.0019539 seconds
Refreshing native plugins compatible for Editor in 0.00 ms, found 0 plugins.
Preloading 0 native plugins for Editor in 0.00 ms.
Asset Pipeline Refresh (id=029219ee43001c94c84dcd2ff10252ec): Total: 0.007 seconds - Initiated by StopAssetImportingV2(NoUpdateAssetOptions)
Start importing Assets/Generated/Sprites/walker.png using Guid(da1266113dd652849aaddd67162a7e5f) (TextureImporter) -> (artifact id: 'ee5a57d97b453838ada0fa93864078fd') in 0.0024894 seconds
Refreshing native plugins compatible for Editor in 0.00 ms, found 0 plugins.
Preloading 0 native plugins for Editor in 0.00 ms.
Asset Pipeline Refresh (id=2471c4f43ba70a14fac91429f818588d): Total: 0.008 seconds - Initiated by StopAssetImportingV2(NoUpdateAssetOptions)
Start importing Assets/Generated/Sprites/charger.png using Guid(ae369593756993f43b534ae1c4fec5b5) (TextureImporter) -> (artifact id: 'c703cd3aead3ad1abbbbafda7716c688') in 0.001764 seconds
Refreshing native plugins compatible for Editor in 0.00 ms, found 0 plugins.
Preloading 0 native plugins for Editor in 0.00 ms.
Asset Pipeline Refresh (id=26283ae3ed7929d4d9021ba9473a0a91): Total: 0.007 seconds - Initiated by StopAssetImportingV2(NoUpdateAssetOptions)
Start importing Assets/Generated/Sprites/charger.png using Guid(ae369593756993f43b534ae1c4fec5b5) (TextureImporter) -> (artifact id: 'c703cd3aead3ad1abbbbafda7716c688') in 0.0016896 seconds
Refreshing native plugins compatible for Editor in 0.00 ms, found 0 plugins.
Preloading 0 native plugins for Editor in 0.00 ms.
Asset Pipeline Refresh (id=0365f1e98c6010a49ad3f94034e3db61): Total: 0.007 seconds - Initiated by StopAssetImportingV2(NoUpdateAssetOptions)
Start importing Assets/Generated/Sprites/caster.png using Guid(54cd56df4ac8b4a4e83dea6245afe60e) (TextureImporter) -> (artifact id: 'fc4bb8c3e2e729430f8242f2d858d882') in 0.0018203 seconds
Refreshing native plugins compatible for Editor in 0.00 ms, found 0 plugins.
Preloading 0 native plugins for Editor in 0.00 ms.
Asset Pipeline Refresh (id=e7f077d5c746a4b469a5ea51f2ae55ed): Total: 0.007 seconds - Initiated by StopAssetImportingV2(NoUpdateAssetOptions)
Start importing Assets/Generated/Sprites/caster.png using Guid(54cd56df4ac8b4a4e83dea6245afe60e) (TextureImporter) -> (artifact id: 'fc4bb8c3e2e729430f8242f2d858d882') in 0.0017278 seconds
Refreshing native plugins compatible for Editor in 0.00 ms, found 0 plugins.
Preloading 0 native plugins for Editor in 0.00 ms.
Asset Pipeline Refresh (id=0ae6c8dbf20662643bf1ea408238a54e): Total: 0.007 seconds - Initiated by StopAssetImportingV2(NoUpdateAssetOptions)
Start importing Assets/Generated/Sprites/boss.png using Guid(4bc1acb8664ae6e4c832e431d3a885c9) (TextureImporter) -> (artifact id: 'a2bbaebab883b94c7f78460f50c3d05c') in 0.0018998 seconds
Refreshing native plugins compatible for Editor in 0.00 ms, found 0 plugins.
Preloading 0 native plugins for Editor in 0.00 ms.
Asset Pipeline Refresh (id=cf4b467bb3a1f7b4aa67f9e4630c68a9): Total: 0.008 seconds - Initiated by StopAssetImportingV2(NoUpdateAssetOptions)
Start importing Assets/Generated/Sprites/boss.png using Guid(4bc1acb8664ae6e4c832e431d3a885c9) (TextureImporter) -> (artifact id: 'a2bbaebab883b94c7f78460f50c3d05c') in 0.0018404 seconds
Refreshing native plugins compatible for Editor in 0.00 ms, found 0 plugins.
Preloading 0 native plugins for Editor in 0.00 ms.
Asset Pipeline Refresh (id=d3bb244ded735ce4c8ba67457dea58a7): Total: 0.007 seconds - Initiated by StopAssetImportingV2(NoUpdateAssetOptions)
Start importing Assets/Generated/Sprites/bullet.png using Guid(faa7dde3ff067374b89fdd7b2e3e8c33) (TextureImporter) -> (artifact id: '7fc21e2a8dac9baa8e66647d984e0727') in 0.0018285 seconds
Refreshing native plugins compatible for Editor in 0.00 ms, found 0 plugins.
Preloading 0 native plugins for Editor in 0.00 ms.
Asset Pipeline Refresh (id=ce2b7fea9dacd52478c2b8926f49884c): Total: 0.012 seconds - Initiated by StopAssetImportingV2(NoUpdateAssetOptions)
Start importing Assets/Generated/Sprites/bullet.png using Guid(faa7dde3ff067374b89fdd7b2e3e8c33) (TextureImporter) -> (artifact id: '7fc21e2a8dac9baa8e66647d984e0727') in 0.0017114 seconds
Refreshing native plugins compatible for Editor in 0.00 ms, found 0 plugins.
Preloading 0 native plugins for Editor in 0.00 ms.
Asset Pipeline Refresh (id=e4bf50d5d9c5a8447b538f65d4ba29a7): Total: 0.008 seconds - Initiated by StopAssetImportingV2(NoUpdateAssetOptions)
Start importing Assets/Generated/Sprites/orb.png using Guid(dec6d7f3400e07c4fa1aada84b262f27) (TextureImporter) -> (artifact id: '5117d00e17556aa9662f859cb70d3289') in 0.0020335 seconds
Refreshing native plugins compatible for Editor in 0.00 ms, found 0 plugins.
Preloading 0 native plugins for Editor in 0.00 ms.
Asset Pipeline Refresh (id=d461292be5d94a54db74433baf478836): Total: 0.008 seconds - Initiated by StopAssetImportingV2(NoUpdateAssetOptions)
Start importing Assets/Generated/Sprites/orb.png using Guid(dec6d7f3400e07c4fa1aada84b262f27) (TextureImporter) -> (artifact id: '5117d00e17556aa9662f859cb70d3289') in 0.0019019 seconds
Refreshing native plugins compatible for Editor in 0.00 ms, found 0 plugins.
Preloading 0 native plugins for Editor in 0.00 ms.
Asset Pipeline Refresh (id=6f216d3af0d9b804faad1410b8278595): Total: 0.007 seconds - Initiated by StopAssetImportingV2(NoUpdateAssetOptions)
Start importing Assets/Generated/Sprites/pickup.png using Guid(f49590756bb544149bd4d7ea98da5278) (TextureImporter) -> (artifact id: 'd48cf215b0a4d1d0cfa9a2b09ebf7bc9') in 0.0019313 seconds
Refreshing native plugins compatible for Editor in 0.00 ms, found 0 plugins.
Preloading 0 native plugins for Editor in 0.00 ms.
Asset Pipeline Refresh (id=219fbb815a0f8e74ab31005ed2192f67): Total: 0.008 seconds - Initiated by StopAssetImportingV2(NoUpdateAssetOptions)
Start importing Assets/Generated/Sprites/pickup.png using Guid(f49590756bb544149bd4d7ea98da5278) (TextureImporter) -> (artifact id: 'd48cf215b0a4d1d0cfa9a2b09ebf7bc9') in 0.0017083 seconds
Refreshing native plugins compatible for Editor in 0.00 ms, found 0 plugins.
Preloading 0 native plugins for Editor in 0.00 ms.
Asset Pipeline Refresh (id=cd688285235db1b44902b5be813b6700): Total: 0.007 seconds - Initiated by StopAssetImportingV2(NoUpdateAssetOptions)
Start importing Assets/Generated/Sprites/crate.png using Guid(5fcea5deea1b1b2408eba1f6745714e7) (TextureImporter) -> (artifact id: '25da02182eb006740fbc41beeb17f332') in 0.0016623 seconds
Refreshing native plugins compatible for Editor in 0.00 ms, found 0 plugins.
Preloading 0 native plugins for Editor in 0.00 ms.
Asset Pipeline Refresh (id=94512e14e44a93241a78c4451d722411): Total: 0.008 seconds - Initiated by StopAssetImportingV2(NoUpdateAssetOptions)
Start importing Assets/Generated/Sprites/crate.png using Guid(5fcea5deea1b1b2408eba1f6745714e7) (TextureImporter) -> (artifact id: '25da02182eb006740fbc41beeb17f332') in 0.0022137 seconds
Refreshing native plugins compatible for Editor in 0.00 ms, found 0 plugins.
Preloading 0 native plugins for Editor in 0.00 ms.
Asset Pipeline Refresh (id=0677769f4e3cf3c45b04589d797e127d): Total: 0.008 seconds - Initiated by StopAssetImportingV2(NoUpdateAssetOptions)
Start importing Assets/Generated/Sprites/portal.png using Guid(f220fa9bf8086ae4e9b8eef9e3b2b93e) (TextureImporter) -> (artifact id: '828c05a0a9fb575a74c9bc8eaf99bb61') in 0.0019014 seconds
Refreshing native plugins compatible for Editor in 0.00 ms, found 0 plugins.
Preloading 0 native plugins for Editor in 0.00 ms.
Asset Pipeline Refresh (id=c4adff16f00e34942bce995c205ff367): Total: 0.007 seconds - Initiated by StopAssetImportingV2(NoUpdateAssetOptions)
Start importing Assets/Generated/Sprites/portal.png using Guid(f220fa9bf8086ae4e9b8eef9e3b2b93e) (TextureImporter) -> (artifact id: '828c05a0a9fb575a74c9bc8eaf99bb61') in 0.001796 seconds
Refreshing native plugins compatible for Editor in 0.00 ms, found 0 plugins.
Preloading 0 native plugins for Editor in 0.00 ms.
Asset Pipeline Refresh (id=ede0221557293ba47ad567a75c71350b): Total: 0.007 seconds - Initiated by StopAssetImportingV2(NoUpdateAssetOptions)
Asset Pipeline Refresh (id=cb0dd29ced9a94e4e88022f01db22fb0): Total: 0.004 seconds - Initiated by StopAssetImportingV2(NoUpdateAssetOptions)
Asset Pipeline Refresh (id=8e97ffbd9748e4e4dae4c0b54df6a930): Total: 0.005 seconds - Initiated by StopAssetImportingV2(NoUpdateAssetOptions)
Asset Pipeline Refresh (id=327204ed67e2b71418de54633320a8d1): Total: 0.004 seconds - Initiated by StopAssetImportingV2(NoUpdateAssetOptions)
Asset Pipeline Refresh (id=689bdf8e10d8d9c40be0fae1d7dd62ad): Total: 0.004 seconds - Initiated by StopAssetImportingV2(NoUpdateAssetOptions)
Asset Pipeline Refresh (id=fd8ea158245a5764e81bc1edd7e18605): Total: 0.004 seconds - Initiated by StopAssetImportingV2(NoUpdateAssetOptions)
Asset Pipeline Refresh (id=fc511d60a965e0c478ea17941189fb0b): Total: 0.004 seconds - Initiated by StopAssetImportingV2(NoUpdateAssetOptions)
Asset Pipeline Refresh (id=45657ee8db06d1f40a13a66ea7934a27): Total: 0.004 seconds - Initiated by StopAssetImportingV2(NoUpdateAssetOptions)
Asset Pipeline Refresh (id=ba4d749c8dab3f34fbaa01b3de297c22): Total: 0.005 seconds - Initiated by StopAssetImportingV2(NoUpdateAssetOptions)
Asset Pipeline Refresh (id=2e057cf76ed5da9419a789a986a2202b): Total: 0.004 seconds - Initiated by StopAssetImportingV2(NoUpdateAssetOptions)
Asset Pipeline Refresh (id=231b2b2674197334a8061d3ed5d7d00c): Total: 0.004 seconds - Initiated by StopAssetImportingV2(NoUpdateAssetOptions)
Start importing Assets/Generated/Tiles/WallFrontTile.asset using Guid(40bf7b9e660e2fb46980be6351c7521f) (NativeFormatImporter) -> (artifact id: '22d345f2d83a0fcfdcbd85b2bad3819b') in 0.0017153 seconds
Start importing Assets/Generated/Tiles/BackgroundTile.asset using Guid(e483360fd23ca984bbfe3eb33d59e8d7) (NativeFormatImporter) -> (artifact id: 'b171c8659bd260a4641e5505d5c3163e') in 0.0012192 seconds
Start importing Assets/Generated/Tiles/WallShadowTile.asset using Guid(28c8dcad720b5a948b912d120db47486) (NativeFormatImporter) -> (artifact id: 'cea0b9775dfd0e9b2e4b055fba5ddf7c') in 0.0009549 seconds
Start importing Assets/Generated/Tiles/WallTopTile.asset using Guid(a9f5ec0f5bbe9a94bb61bb14cff7c4b3) (NativeFormatImporter) -> (artifact id: '91b68b9fe5e438b73ff8ac34d3290935') in 0.0008899 seconds
Start importing Assets/Generated/Tiles/FloorTile.asset using Guid(6c940739b325bdc42a436081328649d0) (NativeFormatImporter) -> (artifact id: '63234bd4c5fe403690af75106cbba397') in 0.0009111 seconds
Refreshing native plugins compatible for Editor in 0.00 ms, found 0 plugins.
Preloading 0 native plugins for Editor in 0.00 ms.
Asset Pipeline Refresh (id=ed695e65123021943a040b78b9c17d7f): Total: 0.013 seconds - Initiated by StopAssetImportingV2(NoUpdateAssetOptions)
Asset Pipeline Refresh (id=74c4406d211c50445962cef956b8ed42): Total: 0.021 seconds - Initiated by RefreshV2(NoUpdateAssetOptions)
Unloading 0 Unused Serialized files (Serialized files now loaded: 0)
Unloading 133 unused Assets / (0.6 MB). Loaded Objects now: 1049.
Memory consumption went from 92.0 MB to 91.4 MB.
Total: 5.044200 ms (FindLiveObjects: 0.046200 ms CreateObjectMapping: 0.012700 ms MarkObjects: 4.465400 ms  DeleteObjects: 0.519000 ms)

Start importing Assets/Scenes/MainMenu.unity using Guid(004955b84975f0b449a9996d56ac09d1) (DefaultImporter) -> (artifact id: '3a0106beb938e77e75264863c4e5df69') in 0.0006913 seconds
Refreshing native plugins compatible for Editor in 0.00 ms, found 0 plugins.
Preloading 0 native plugins for Editor in 0.00 ms.
Asset Pipeline Refresh (id=c5f77fec718ba51418e0dc542453a6ad): Total: 0.015 seconds - Initiated by StopAssetImportingV2(NoUpdateAssetOptions)
Unloading 0 Unused Serialized files (Serialized files now loaded: 0)
Unloading 3 unused Assets / (0.6 MB). Loaded Objects now: 1053.
Memory consumption went from 92.4 MB to 91.9 MB.
Total: 5.638800 ms (FindLiveObjects: 0.039100 ms CreateObjectMapping: 0.008700 ms MarkObjects: 5.291400 ms  DeleteObjects: 0.298400 ms)

Start importing Assets/Scenes/Floor1.unity using Guid(233512d966552cb409feb06076301341) (DefaultImporter) -> (artifact id: 'c4bf97545518d566bb045a6ddef4769a') in 0.0006236 seconds
Refreshing native plugins compatible for Editor in 0.00 ms, found 0 plugins.
Preloading 0 native plugins for Editor in 0.00 ms.
Asset Pipeline Refresh (id=f0d729e113d451d49a17e130027063b3): Total: 0.014 seconds - Initiated by StopAssetImportingV2(NoUpdateAssetOptions)
Unloading 0 Unused Serialized files (Serialized files now loaded: 0)
Unloading 85 unused Assets / (0.6 MB). Loaded Objects now: 1053.
Memory consumption went from 93.3 MB to 92.7 MB.
Total: 5.138600 ms (FindLiveObjects: 0.045200 ms CreateObjectMapping: 0.008700 ms MarkObjects: 4.737800 ms  DeleteObjects: 0.346100 ms)

Start importing Assets/Scenes/Floor2.unity using Guid(98a188b8be6cb174d80b513f2efb0f9a) (DefaultImporter) -> (artifact id: '7e115e75d5bcaaead1dcaecb058738d7') in 0.0006256 seconds
Refreshing native plugins compatible for Editor in 0.00 ms, found 0 plugins.
Preloading 0 native plugins for Editor in 0.00 ms.
Asset Pipeline Refresh (id=da7be580e26b1b840872bbada50ab596): Total: 0.014 seconds - Initiated by StopAssetImportingV2(NoUpdateAssetOptions)
Unloading 0 Unused Serialized files (Serialized files now loaded: 0)
Unloading 85 unused Assets / (0.6 MB). Loaded Objects now: 1053.
Memory consumption went from 93.1 MB to 92.5 MB.
Total: 4.737100 ms (FindLiveObjects: 0.039900 ms CreateObjectMapping: 0.009400 ms MarkObjects: 4.144100 ms  DeleteObjects: 0.542800 ms)

Start importing Assets/Scenes/Floor3.unity using Guid(c76589cff7cd529419f061680f339982) (DefaultImporter) -> (artifact id: '81d48d78c2bee753ec0525bf31a794df') in 0.00061 seconds
Refreshing native plugins compatible for Editor in 0.00 ms, found 0 plugins.
Preloading 0 native plugins for Editor in 0.00 ms.
Asset Pipeline Refresh (id=5931eac9df9b85f4299f76b83fa72026): Total: 0.014 seconds - Initiated by StopAssetImportingV2(NoUpdateAssetOptions)
Unloading 0 Unused Serialized files (Serialized files now loaded: 0)
Unloading 94 unused Assets / (0.6 MB). Loaded Objects now: 1053.
Memory consumption went from 93.2 MB to 92.6 MB.
Total: 5.227400 ms (FindLiveObjects: 0.038600 ms CreateObjectMapping: 0.009000 ms MarkObjects: 4.802700 ms  DeleteObjects: 0.376100 ms)

Start importing Assets/Scenes/Victory.unity using Guid(166a287d92c3b4c4cbf67b3e024dca97) (DefaultImporter) -> (artifact id: '6b91381dea27b14543c3cb1629708d73') in 0.0006433 seconds
Refreshing native plugins compatible for Editor in 0.00 ms, found 0 plugins.
Preloading 0 native plugins for Editor in 0.00 ms.
Asset Pipeline Refresh (id=50ed11ab3d0ad4a4d833cea5cb7b54ae): Total: 0.013 seconds - Initiated by StopAssetImportingV2(NoUpdateAssetOptions)
Asset Pipeline Refresh (id=a23cdffb43c70204196f794e89230901): Total: 0.010 seconds - Initiated by RefreshV2(NoUpdateAssetOptions)
Opening scene 'Assets/Scenes/MainMenu.unity'
Unloading 0 Unused Serialized files (Serialized files now loaded: 0)
Loaded scene 'Assets/Scenes/MainMenu.unity'
	Deserialize:            2.529 ms
	Integration:            3.491 ms
	Integration of assets:  0.006 ms
	Thread Wait Time:       0.038 ms
	Total Operation Time:   6.063 ms
Unloading 4 unused Assets / (0.6 MB). Loaded Objects now: 1177.
Memory consumption went from 93.1 MB to 92.4 MB.
Total: 4.936300 ms (FindLiveObjects: 0.049100 ms CreateObjectMapping: 0.009200 ms MarkObjects: 4.535000 ms  DeleteObjects: 0.342200 ms)

Batchmode quit successfully invoked - shutting down!
[Physics::Module] Cleanup current backend.
[Physics::Module] Id: 0xf2b8ea05
Input System module state changed to: ShutdownInProgress.
Input System polling thread exited.
Input System module state changed to: Shutdown.
[Licensing::IpcConnector] LicenseClient-26821-notifications channel disconnected successfully.
[Licensing::IpcConnector] LicenseClient-26821 channel disconnected successfully.
AcceleratorClientConnectionCallback - disconnected - :0
Cleanup mono
Exiting batchmode successfully now!
Exiting without the bug reporter. Application will terminate with return code 0